2021-09-25 12:17:21,171 __main__     INFO     START train.py
2021-09-25 12:17:21,172 __main__     INFO     Load train df
2021-09-25 12:17:22,106 __main__     INFO     Input shape: (279792, 77)
2021-09-25 12:17:22,310 __main__     INFO     X_offer (275299, 71)  y_offer (275299,)	X_manual (4493, 71) y_manual (4493,)
2021-09-25 12:17:22,311 __main__     INFO     Fit model
2021-09-25 12:17:22,311 raif_hack.model INFO     Fit lightgbm
2021-09-25 12:17:38,370 raif_hack.model INFO     Find corr coefficient
2021-09-25 12:17:38,404 raif_hack.model INFO     Corr coef: -0.13
2021-09-25 12:17:40,698 __main__     INFO     Metrics stat for training data with offers prices: {'mape': 1.4980128438459763, 'mdape': 0.30993250676863393, 'rmse': 72569.40592444973, 'r2': 0.8240220266486828, 'raif_metric': 3.4640246957296013}
2021-09-25 12:17:40,749 __main__     INFO     Metrics stat for training data with manual prices: {'mape': 0.30248466717889166, 'mdape': 0.2508078615566695, 'rmse': 72300.3674235182, 'r2': 0.3460679965248037, 'raif_metric': 2.033681100335469}
2021-09-25 12:17:40,951 raif_hack.model INFO     Fit lightgbm
2021-09-25 12:17:50,930 raif_hack.model INFO     Find corr coefficient
2021-09-25 12:17:50,961 raif_hack.model INFO     Corr coef: -0.13
2021-09-25 12:17:51,444 raif_hack.model INFO     Fit lightgbm
2021-09-25 12:18:01,355 raif_hack.model INFO     Find corr coefficient
2021-09-25 12:18:01,383 raif_hack.model INFO     Corr coef: -0.12
2021-09-25 12:18:01,886 raif_hack.model INFO     Fit lightgbm
2021-09-25 12:18:11,819 raif_hack.model INFO     Find corr coefficient
2021-09-25 12:18:11,849 raif_hack.model INFO     Corr coef: -0.13
2021-09-25 12:18:12,313 raif_hack.model INFO     Fit lightgbm
2021-09-25 12:18:22,198 raif_hack.model INFO     Find corr coefficient
2021-09-25 12:18:22,228 raif_hack.model INFO     Corr coef: -0.13
2021-09-25 12:18:22,697 raif_hack.model INFO     Fit lightgbm
2021-09-25 12:18:32,967 raif_hack.model INFO     Find corr coefficient
2021-09-25 12:18:32,996 raif_hack.model INFO     Corr coef: -0.13
2021-09-25 12:18:34,319 __main__     INFO     Metrics stat for training data with offers prices (cv): {'mape': 1.5549998356155634, 'mdape': 0.3166811340384336, 'rmse': 80895.88131845405, 'r2': 0.7813225516030564, 'raif_metric': 3.5313686488985603}
2021-09-25 12:18:34,337 __main__     INFO     Metrics stat for training data with manual prices (cv): {'mape': 0.3035627702808367, 'mdape': 0.2524306588091094, 'rmse': 72387.41962065244, 'r2': 0.3444923340407102, 'raif_metric': 2.039016846113897}
2021-09-25 12:18:34,338 __main__     INFO     Save models (cv)
2021-09-25 12:18:34,669 __main__     INFO     END train.py
2021-09-25 12:18:47,563 __main__     INFO     START predict.py
2021-09-25 12:18:47,564 __main__     INFO     Load test df
2021-09-25 12:18:47,583 __main__     INFO     Input shape: (2974, 76)
2021-09-25 12:18:47,585 __main__     INFO     Load model
2021-09-25 12:18:47,723 __main__     INFO     Predict
2021-09-25 12:18:47,843 __main__     INFO     Save results (cv)
2021-09-25 12:18:47,850 __main__     INFO     END predict.py
